[0.177s] DEBUG:colcon:Command line arguments: ['/usr/bin/colcon', 'build', '--symlink-install']
[0.178s] DEBUG:colcon:Parsed command line arguments: Namespace(log_base=None, log_level=None, verb_name='build', build_base='build', install_base='install', merge_install=False, symlink_install=True, test_result_base=None, continue_on_error=False, executor='parallel', parallel_workers=8, event_handlers=None, ignore_user_meta=False, metas=['./colcon.meta'], base_paths=['.'], packages_ignore=None, packages_ignore_regex=None, paths=None, packages_up_to=None, packages_up_to_regex=None, packages_above=None, packages_above_and_dependencies=None, packages_above_depth=None, packages_select_by_dep=None, packages_skip_by_dep=None, packages_skip_up_to=None, packages_select_build_failed=False, packages_skip_build_finished=False, packages_select_test_failures=False, packages_skip_test_passed=False, packages_select=None, packages_skip=None, packages_select_regex=None, packages_skip_regex=None, packages_start=None, packages_end=None, allow_overriding=[], cmake_args=None, cmake_target=None, cmake_target_skip_unavailable=False, cmake_clean_cache=False, cmake_clean_first=False, cmake_force_configure=False, ament_cmake_args=None, catkin_cmake_args=None, catkin_skip_building_tests=False, verb_parser=<colcon_defaults.argument_parser.defaults.DefaultArgumentsDecorator object at 0x758e81ec70a0>, verb_extension=<colcon_core.verb.build.BuildVerb object at 0x758e81ec6b60>, main=<bound method BuildVerb.main of <colcon_core.verb.build.BuildVerb object at 0x758e81ec6b60>>)
[0.483s] Level 1:colcon.colcon_core.package_discovery:discover_packages(colcon_meta) check parameters
[0.483s] Level 1:colcon.colcon_core.package_discovery:discover_packages(recursive) check parameters
[0.483s] Level 1:colcon.colcon_core.package_discovery:discover_packages(ignore) check parameters
[0.483s] Level 1:colcon.colcon_core.package_discovery:discover_packages(path) check parameters
[0.483s] Level 1:colcon.colcon_core.package_discovery:discover_packages(colcon_meta) discover
[0.483s] Level 1:colcon.colcon_core.package_discovery:discover_packages(recursive) discover
[0.483s] INFO:colcon.colcon_core.package_discovery:Crawling recursively for packages in '/home/soli/d_1_ws'
[0.483s] Level 1:colcon.colcon_core.package_identification:_identify(.) by extensions ['ignore', 'ignore_ament_install']
[0.483s] Level 1:colcon.colcon_core.package_identification:_identify(.) by extension 'ignore'
[0.483s] Level 1:colcon.colcon_core.package_identification:_identify(.) by extension 'ignore_ament_install'
[0.484s] Level 1:colcon.colcon_core.package_identification:_identify(.) by extensions ['colcon_pkg']
[0.484s] Level 1:colcon.colcon_core.package_identification:_identify(.) by extension 'colcon_pkg'
[0.484s] Level 1:colcon.colcon_core.package_identification:_identify(.) by extensions ['colcon_meta']
[0.484s] Level 1:colcon.colcon_core.package_identification:_identify(.) by extension 'colcon_meta'
[0.484s] Level 1:colcon.colcon_core.package_identification:_identify(.) by extensions ['ros']
[0.484s] Level 1:colcon.colcon_core.package_identification:_identify(.) by extension 'ros'
[0.498s] Level 1:colcon.colcon_core.package_identification:_identify(.) by extensions ['cmake', 'python']
[0.498s] Level 1:colcon.colcon_core.package_identification:_identify(.) by extension 'cmake'
[0.498s] Level 1:colcon.colcon_core.package_identification:_identify(.) by extension 'python'
[0.498s] Level 1:colcon.colcon_core.package_identification:_identify(.) by extensions ['python_setup_py']
[0.498s] Level 1:colcon.colcon_core.package_identification:_identify(.) by extension 'python_setup_py'
[0.498s] Level 1:colcon.colcon_core.package_identification:_identify(build) by extensions ['ignore', 'ignore_ament_install']
[0.499s] Level 1:colcon.colcon_core.package_identification:_identify(build) by extension 'ignore'
[0.499s] Level 1:colcon.colcon_core.package_identification:_identify(build) ignored
[0.499s] Level 1:colcon.colcon_core.package_identification:_identify(install) by extensions ['ignore', 'ignore_ament_install']
[0.499s] Level 1:colcon.colcon_core.package_identification:_identify(install) by extension 'ignore'
[0.499s] Level 1:colcon.colcon_core.package_identification:_identify(install) ignored
[0.499s] Level 1:colcon.colcon_core.package_identification:_identify(log) by extensions ['ignore', 'ignore_ament_install']
[0.499s] Level 1:colcon.colcon_core.package_identification:_identify(log) by extension 'ignore'
[0.499s] Level 1:colcon.colcon_core.package_identification:_identify(log) ignored
[0.499s] Level 1:colcon.colcon_core.package_identification:_identify(src) by extensions ['ignore', 'ignore_ament_install']
[0.499s] Level 1:colcon.colcon_core.package_identification:_identify(src) by extension 'ignore'
[0.499s] Level 1:colcon.colcon_core.package_identification:_identify(src) by extension 'ignore_ament_install'
[0.500s] Level 1:colcon.colcon_core.package_identification:_identify(src) by extensions ['colcon_pkg']
[0.500s] Level 1:colcon.colcon_core.package_identification:_identify(src) by extension 'colcon_pkg'
[0.500s] Level 1:colcon.colcon_core.package_identification:_identify(src) by extensions ['colcon_meta']
[0.500s] Level 1:colcon.colcon_core.package_identification:_identify(src) by extension 'colcon_meta'
[0.500s] Level 1:colcon.colcon_core.package_identification:_identify(src) by extensions ['ros']
[0.500s] Level 1:colcon.colcon_core.package_identification:_identify(src) by extension 'ros'
[0.500s] Level 1:colcon.colcon_core.package_identification:_identify(src) by extensions ['cmake', 'python']
[0.500s] Level 1:colcon.colcon_core.package_identification:_identify(src) by extension 'cmake'
[0.500s] Level 1:colcon.colcon_core.package_identification:_identify(src) by extension 'python'
[0.500s] Level 1:colcon.colcon_core.package_identification:_identify(src) by extensions ['python_setup_py']
[0.500s] Level 1:colcon.colcon_core.package_identification:_identify(src) by extension 'python_setup_py'
[0.500s] Level 1:colcon.colcon_core.package_identification:_identify(src/turtlebot4_beep) by extensions ['ignore', 'ignore_ament_install']
[0.500s] Level 1:colcon.colcon_core.package_identification:_identify(src/turtlebot4_beep) by extension 'ignore'
[0.500s] Level 1:colcon.colcon_core.package_identification:_identify(src/turtlebot4_beep) by extension 'ignore_ament_install'
[0.501s] Level 1:colcon.colcon_core.package_identification:_identify(src/turtlebot4_beep) by extensions ['colcon_pkg']
[0.501s] Level 1:colcon.colcon_core.package_identification:_identify(src/turtlebot4_beep) by extension 'colcon_pkg'
[0.501s] Level 1:colcon.colcon_core.package_identification:_identify(src/turtlebot4_beep) by extensions ['colcon_meta']
[0.501s] Level 1:colcon.colcon_core.package_identification:_identify(src/turtlebot4_beep) by extension 'colcon_meta'
[0.501s] Level 1:colcon.colcon_core.package_identification:_identify(src/turtlebot4_beep) by extensions ['ros']
[0.501s] Level 1:colcon.colcon_core.package_identification:_identify(src/turtlebot4_beep) by extension 'ros'
[0.504s] DEBUG:colcon.colcon_core.package_identification:Package 'src/turtlebot4_beep' with type 'ros.ament_python' and name 'turtlebot4_beep'
[0.504s] Level 1:colcon.colcon_core.package_discovery:discover_packages(recursive) using defaults
[0.504s] Level 1:colcon.colcon_core.package_discovery:discover_packages(ignore) discover
[0.504s] Level 1:colcon.colcon_core.package_discovery:discover_packages(ignore) using defaults
[0.504s] Level 1:colcon.colcon_core.package_discovery:discover_packages(path) discover
[0.504s] Level 1:colcon.colcon_core.package_discovery:discover_packages(path) using defaults
[0.532s] Level 1:colcon.colcon_core.package_discovery:discover_packages(prefix_path) check parameters
[0.532s] Level 1:colcon.colcon_core.package_discovery:discover_packages(prefix_path) discover
[0.536s] DEBUG:colcon.colcon_installed_package_information.package_discovery:Found 471 installed packages in /opt/ros/humble
[0.539s] Level 1:colcon.colcon_core.package_discovery:discover_packages(prefix_path) using defaults
[0.617s] Level 5:colcon.colcon_core.verb:set package 'turtlebot4_beep' build argument 'cmake_args' from command line to 'None'
[0.617s] Level 5:colcon.colcon_core.verb:set package 'turtlebot4_beep' build argument 'cmake_target' from command line to 'None'
[0.617s] Level 5:colcon.colcon_core.verb:set package 'turtlebot4_beep' build argument 'cmake_target_skip_unavailable' from command line to 'False'
[0.617s] Level 5:colcon.colcon_core.verb:set package 'turtlebot4_beep' build argument 'cmake_clean_cache' from command line to 'False'
[0.617s] Level 5:colcon.colcon_core.verb:set package 'turtlebot4_beep' build argument 'cmake_clean_first' from command line to 'False'
[0.617s] Level 5:colcon.colcon_core.verb:set package 'turtlebot4_beep' build argument 'cmake_force_configure' from command line to 'False'
[0.617s] Level 5:colcon.colcon_core.verb:set package 'turtlebot4_beep' build argument 'ament_cmake_args' from command line to 'None'
[0.617s] Level 5:colcon.colcon_core.verb:set package 'turtlebot4_beep' build argument 'catkin_cmake_args' from command line to 'None'
[0.617s] Level 5:colcon.colcon_core.verb:set package 'turtlebot4_beep' build argument 'catkin_skip_building_tests' from command line to 'False'
[0.617s] DEBUG:colcon.colcon_core.verb:Building package 'turtlebot4_beep' with the following arguments: {'ament_cmake_args': None, 'build_base': '/home/soli/d_1_ws/build/turtlebot4_beep', 'catkin_cmake_args': None, 'catkin_skip_building_tests': False, 'cmake_args': None, 'cmake_clean_cache': False, 'cmake_clean_first': False, 'cmake_force_configure': False, 'cmake_target': None, 'cmake_target_skip_unavailable': False, 'install_base': '/home/soli/d_1_ws/install/turtlebot4_beep', 'merge_install': False, 'path': '/home/soli/d_1_ws/src/turtlebot4_beep', 'symlink_install': True, 'test_result_base': None}
[0.617s] INFO:colcon.colcon_core.executor:Executing jobs using 'parallel' executor
[0.619s] DEBUG:colcon.colcon_parallel_executor.executor.parallel:run_until_complete
[0.619s] INFO:colcon.colcon_ros.task.ament_python.build:Building ROS package in '/home/soli/d_1_ws/src/turtlebot4_beep' with build type 'ament_python'
[0.619s] Level 1:colcon.colcon_core.shell:create_environment_hook('turtlebot4_beep', 'ament_prefix_path')
[0.622s] INFO:colcon.colcon_core.plugin_system:Skipping extension 'colcon_core.shell.bat': Not used on non-Windows systems
[0.622s] INFO:colcon.colcon_core.shell:Creating environment hook '/home/soli/d_1_ws/install/turtlebot4_beep/share/turtlebot4_beep/hook/ament_prefix_path.ps1'
[0.623s] INFO:colcon.colcon_core.shell:Creating environment descriptor '/home/soli/d_1_ws/install/turtlebot4_beep/share/turtlebot4_beep/hook/ament_prefix_path.dsv'
[0.623s] INFO:colcon.colcon_core.shell:Creating environment hook '/home/soli/d_1_ws/install/turtlebot4_beep/share/turtlebot4_beep/hook/ament_prefix_path.sh'
[0.624s] INFO:colcon.colcon_core.shell:Skip shell extension 'powershell' for command environment: Not usable outside of PowerShell
[0.624s] DEBUG:colcon.colcon_core.shell:Skip shell extension 'dsv' for command environment
[1.179s] INFO:colcon.colcon_core.task.python.build:Building Python package in '/home/soli/d_1_ws/src/turtlebot4_beep'
[1.180s] INFO:colcon.colcon_core.shell:Skip shell extension 'powershell' for command environment: Not usable outside of PowerShell
[1.180s] DEBUG:colcon.colcon_core.shell:Skip shell extension 'dsv' for command environment
[1.747s] DEBUG:colcon.colcon_core.event_handler.log_command:Invoking command in '/home/soli/d_1_ws/build/turtlebot4_beep': CONDA_PROMPT_MODIFIER=(base) PYTHONPATH=/home/soli/d_1_ws/build/turtlebot4_beep/prefix_override:/usr/lib/python3/dist-packages/colcon_core/task/python/colcon_distutils_commands:/home/soli/d_1_ws/install/turtlebot4_beep/lib/python3.10/site-packages:${PYTHONPATH} /usr/bin/python3 -W ignore:setup.py install is deprecated -W ignore:easy_install command is deprecated setup.py develop --editable --build-directory /home/soli/d_1_ws/build/turtlebot4_beep/build --no-deps symlink_data
[2.789s] Level 1:colcon.colcon_core.shell:create_environment_hook('turtlebot4_beep', 'pythonpath_develop')
[2.789s] INFO:colcon.colcon_core.shell:Creating environment hook '/home/soli/d_1_ws/build/turtlebot4_beep/share/turtlebot4_beep/hook/pythonpath_develop.ps1'
[2.790s] DEBUG:colcon.colcon_core.event_handler.log_command:Invoked command in '/home/soli/d_1_ws/build/turtlebot4_beep' returned '0': CONDA_PROMPT_MODIFIER=(base) PYTHONPATH=/home/soli/d_1_ws/build/turtlebot4_beep/prefix_override:/usr/lib/python3/dist-packages/colcon_core/task/python/colcon_distutils_commands:/home/soli/d_1_ws/install/turtlebot4_beep/lib/python3.10/site-packages:${PYTHONPATH} /usr/bin/python3 -W ignore:setup.py install is deprecated -W ignore:easy_install command is deprecated setup.py develop --editable --build-directory /home/soli/d_1_ws/build/turtlebot4_beep/build --no-deps symlink_data
[2.790s] INFO:colcon.colcon_core.shell:Creating environment descriptor '/home/soli/d_1_ws/build/turtlebot4_beep/share/turtlebot4_beep/hook/pythonpath_develop.dsv'
[2.791s] INFO:colcon.colcon_core.shell:Creating environment hook '/home/soli/d_1_ws/build/turtlebot4_beep/share/turtlebot4_beep/hook/pythonpath_develop.sh'
[2.794s] Level 1:colcon.colcon_core.environment:checking '/home/soli/d_1_ws/install/turtlebot4_beep' for CMake module files
[2.795s] Level 1:colcon.colcon_core.environment:checking '/home/soli/d_1_ws/install/turtlebot4_beep' for CMake config files
[2.796s] Level 1:colcon.colcon_core.environment:checking '/home/soli/d_1_ws/install/turtlebot4_beep/lib'
[2.796s] Level 1:colcon.colcon_core.environment:checking '/home/soli/d_1_ws/install/turtlebot4_beep/bin'
[2.796s] Level 1:colcon.colcon_core.environment:checking '/home/soli/d_1_ws/install/turtlebot4_beep/lib/pkgconfig/turtlebot4_beep.pc'
[2.797s] Level 1:colcon.colcon_core.environment:checking '/home/soli/d_1_ws/install/turtlebot4_beep/lib/python3.10/site-packages'
[2.797s] Level 1:colcon.colcon_core.shell:create_environment_hook('turtlebot4_beep', 'pythonpath')
[2.797s] INFO:colcon.colcon_core.shell:Creating environment hook '/home/soli/d_1_ws/install/turtlebot4_beep/share/turtlebot4_beep/hook/pythonpath.ps1'
[2.798s] INFO:colcon.colcon_core.shell:Creating environment descriptor '/home/soli/d_1_ws/install/turtlebot4_beep/share/turtlebot4_beep/hook/pythonpath.dsv'
[2.798s] INFO:colcon.colcon_core.shell:Creating environment hook '/home/soli/d_1_ws/install/turtlebot4_beep/share/turtlebot4_beep/hook/pythonpath.sh'
[2.799s] Level 1:colcon.colcon_core.environment:checking '/home/soli/d_1_ws/install/turtlebot4_beep/bin'
[2.799s] Level 1:colcon.colcon_core.environment:create_environment_scripts_only(turtlebot4_beep)
[2.800s] INFO:colcon.colcon_core.shell:Creating package script '/home/soli/d_1_ws/install/turtlebot4_beep/share/turtlebot4_beep/package.ps1'
[2.801s] INFO:colcon.colcon_core.shell:Creating package descriptor '/home/soli/d_1_ws/install/turtlebot4_beep/share/turtlebot4_beep/package.dsv'
[2.802s] INFO:colcon.colcon_core.shell:Creating package script '/home/soli/d_1_ws/install/turtlebot4_beep/share/turtlebot4_beep/package.sh'
[2.803s] INFO:colcon.colcon_core.shell:Creating package script '/home/soli/d_1_ws/install/turtlebot4_beep/share/turtlebot4_beep/package.bash'
[2.804s] INFO:colcon.colcon_core.shell:Creating package script '/home/soli/d_1_ws/install/turtlebot4_beep/share/turtlebot4_beep/package.zsh'
[2.805s] Level 1:colcon.colcon_core.environment:create_file_with_runtime_dependencies(/home/soli/d_1_ws/install/turtlebot4_beep/share/colcon-core/packages/turtlebot4_beep)
[2.806s] DEBUG:colcon.colcon_parallel_executor.executor.parallel:closing loop
[2.806s] DEBUG:colcon.colcon_parallel_executor.executor.parallel:loop closed
[2.806s] DEBUG:colcon.colcon_parallel_executor.executor.parallel:run_until_complete finished with '0'
[2.807s] DEBUG:colcon.colcon_core.event_reactor:joining thread
[2.814s] INFO:colcon.colcon_core.plugin_system:Skipping extension 'colcon_notification.desktop_notification.terminal_notifier': Not used on non-Darwin systems
[2.814s] INFO:colcon.colcon_core.plugin_system:Skipping extension 'colcon_notification.desktop_notification.win32': Not used on non-Windows systems
[2.814s] INFO:colcon.colcon_notification.desktop_notification:Sending desktop notification using 'notify2'
[2.832s] DEBUG:colcon.colcon_core.event_reactor:joined thread
[2.833s] INFO:colcon.colcon_core.shell:Creating prefix script '/home/soli/d_1_ws/install/local_setup.ps1'
[2.835s] INFO:colcon.colcon_core.shell:Creating prefix util module '/home/soli/d_1_ws/install/_local_setup_util_ps1.py'
[2.838s] INFO:colcon.colcon_core.shell:Creating prefix chain script '/home/soli/d_1_ws/install/setup.ps1'
[2.841s] INFO:colcon.colcon_core.shell:Creating prefix script '/home/soli/d_1_ws/install/local_setup.sh'
[2.843s] INFO:colcon.colcon_core.shell:Creating prefix util module '/home/soli/d_1_ws/install/_local_setup_util_sh.py'
[2.845s] INFO:colcon.colcon_core.shell:Creating prefix chain script '/home/soli/d_1_ws/install/setup.sh'
[2.847s] INFO:colcon.colcon_core.shell:Creating prefix script '/home/soli/d_1_ws/install/local_setup.bash'
[2.848s] INFO:colcon.colcon_core.shell:Creating prefix chain script '/home/soli/d_1_ws/install/setup.bash'
[2.850s] INFO:colcon.colcon_core.shell:Creating prefix script '/home/soli/d_1_ws/install/local_setup.zsh'
[2.851s] INFO:colcon.colcon_core.shell:Creating prefix chain script '/home/soli/d_1_ws/install/setup.zsh'
